# JRE version: Java(TM) SE Runtime Environment (8.0_60-b27) (build 1.8.0_60-b27)
# Java VM: Java HotSpot(TM) 64-Bit Server VM (25.60-b23 mixed mode windows-amd64 compressed oops)
Heap:
 PSYoungGen      total 169472K, used 85416K [0x00000000eab00000, 0x00000000f9e80000, 0x0000000100000000)
  eden space 142336K, 40% used [0x00000000eab00000,0x00000000ee3f3ea8,0x00000000f3600000)
  from space 27136K, 99% used [0x00000000f8400000,0x00000000f9e762f0,0x00000000f9e80000)
  to   space 34304K, 0% used [0x00000000f5b80000,0x00000000f5b80000,0x00000000f7d00000)
 ParOldGen       total 81920K, used 46820K [0x00000000c0000000, 0x00000000c5000000, 0x00000000eab00000)
  object space 81920K, 57% used [0x00000000c0000000,0x00000000c2db9238,0x00000000c5000000)
 Metaspace       used 6897K, capacity 7544K, committed 7680K, reserved 1056768K
  class space    used 642K, capacity 688K, committed 768K, reserved 1048576K
GC Heap History (10 events):
Event: 11.773 GC heap before
{Heap before GC invocations=7 (full 0):
 PSYoungGen      total 72192K, used 69794K [0x00000000eab00000, 0x00000000efe00000, 0x0000000100000000)
  eden space 62464K, 100% used [0x00000000eab00000,0x00000000ee800000,0x00000000ee800000)
  from space 9728K, 75% used [0x00000000ef280000,0x00000000ef9a88e8,0x00000000efc00000)
  to   space 10752K, 0% used [0x00000000ee800000,0x00000000ee800000,0x00000000ef280000)
 ParOldGen       total 42496K, used 13377K [0x00000000c0000000, 0x00000000c2980000, 0x00000000eab00000)
  object space 42496K, 31% used [0x00000000c0000000,0x00000000c0d104d0,0x00000000c2980000)
 Metaspace       used 6339K, capacity 7152K, committed 7296K, reserved 1056768K
  class space    used 602K, capacity 616K, committed 640K, reserved 1048576K
Event: 11.884 GC heap after
Heap after GC invocations=7 (full 0):
 PSYoungGen      total 73216K, used 10725K [0x00000000eab00000, 0x00000000f4300000, 0x0000000100000000)
  eden space 62464K, 0% used [0x00000000eab00000,0x00000000eab00000,0x00000000ee800000)
  from space 10752K, 99% used [0x00000000ee800000,0x00000000ef2794d8,0x00000000ef280000)
  to   space 15360K, 0% used [0x00000000f3400000,0x00000000f3400000,0x00000000f4300000)
 ParOldGen       total 42496K, used 19040K [0x00000000c0000000, 0x00000000c2980000, 0x00000000eab00000)
  object space 42496K, 44% used [0x00000000c0000000,0x00000000c1298270,0x00000000c2980000)
 Metaspace       used 6339K, capacity 7152K, committed 7296K, reserved 1056768K
  class space    used 602K, capacity 616K, committed 640K, reserved 1048576K
}
Event: 13.126 GC heap before
{Heap before GC invocations=8 (full 0):
 PSYoungGen      total 73216K, used 73189K [0x00000000eab00000, 0x00000000f4300000, 0x0000000100000000)
  eden space 62464K, 100% used [0x00000000eab00000,0x00000000ee800000,0x00000000ee800000)
  from space 10752K, 99% used [0x00000000ee800000,0x00000000ef2794d8,0x00000000ef280000)
  to   space 15360K, 0% used [0x00000000f3400000,0x00000000f3400000,0x00000000f4300000)
 ParOldGen       total 42496K, used 19040K [0x00000000c0000000, 0x00000000c2980000, 0x00000000eab00000)
  object space 42496K, 44% used [0x00000000c0000000,0x00000000c1298270,0x00000000c2980000)
 Metaspace       used 6445K, capacity 7216K, committed 7296K, reserved 1056768K
  class space    used 602K, capacity 616K, committed 640K, reserved 1048576K
Event: 13.189 GC heap after
Heap after GC invocations=8 (full 0):
 PSYoungGen      total 135168K, used 15345K [0x00000000eab00000, 0x00000000f4d00000, 0x0000000100000000)
  eden space 119808K, 0% used [0x00000000eab00000,0x00000000eab00000,0x00000000f2000000)
  from space 15360K, 99% used [0x00000000f3400000,0x00000000f42fc6c8,0x00000000f4300000)
  to   space 20480K, 0% used [0x00000000f2000000,0x00000000f2000000,0x00000000f3400000)
 ParOldGen       total 42496K, used 24861K [0x00000000c0000000, 0x00000000c2980000, 0x00000000eab00000)
  object space 42496K, 58% used [0x00000000c0000000,0x00000000c1847750,0x00000000c2980000)
 Metaspace       used 6445K, capacity 7216K, committed 7296K, reserved 1056768K
  class space    used 602K, capacity 616K, committed 640K, reserved 1048576K
}
Event: 17.421 GC heap before
{Heap before GC invocations=9 (full 0):
 PSYoungGen      total 135168K, used 135153K [0x00000000eab00000, 0x00000000f4d00000, 0x0000000100000000)
  eden space 119808K, 100% used [0x00000000eab00000,0x00000000f2000000,0x00000000f2000000)
  from space 15360K, 99% used [0x00000000f3400000,0x00000000f42fc6c8,0x00000000f4300000)
  to   space 20480K, 0% used [0x00000000f2000000,0x00000000f2000000,0x00000000f3400000)
 ParOldGen       total 42496K, used 24861K [0x00000000c0000000, 0x00000000c2980000, 0x00000000eab00000)
  object space 42496K, 58% used [0x00000000c0000000,0x00000000c1847750,0x00000000c2980000)
 Metaspace       used 6564K, capacity 7256K, committed 7424K, reserved 1056768K
  class space    used 623K, capacity 656K, committed 768K, reserved 1048576K
Event: 17.823 GC heap after
Heap after GC invocations=9 (full 0):
 PSYoungGen      total 140288K, used 20478K [0x00000000eab00000, 0x00000000fa180000, 0x0000000100000000)
  eden space 119808K, 0% used [0x00000000eab00000,0x00000000eab00000,0x00000000f2000000)
  from space 20480K, 99% used [0x00000000f2000000,0x00000000f33ff9f0,0x00000000f3400000)
  to   space 30208K, 0% used [0x00000000f8400000,0x00000000f8400000,0x00000000fa180000)
 ParOldGen       total 42496K, used 39753K [0x00000000c0000000, 0x00000000c2980000, 0x00000000eab00000)
  object space 42496K, 93% used [0x00000000c0000000,0x00000000c26d24a8,0x00000000c2980000)
 Metaspace       used 6564K, capacity 7256K, committed 7424K, reserved 1056768K
  class space    used 623K, capacity 656K, committed 768K, reserved 1048576K
}
Event: 17.823 GC heap before
{Heap before GC invocations=10 (full 1):
 PSYoungGen      total 140288K, used 20478K [0x00000000eab00000, 0x00000000fa180000, 0x0000000100000000)
  eden space 119808K, 0% used [0x00000000eab00000,0x00000000eab00000,0x00000000f2000000)
  from space 20480K, 99% used [0x00000000f2000000,0x00000000f33ff9f0,0x00000000f3400000)
  to   space 30208K, 0% used [0x00000000f8400000,0x00000000f8400000,0x00000000fa180000)
 ParOldGen       total 42496K, used 39753K [0x00000000c0000000, 0x00000000c2980000, 0x00000000eab00000)
  object space 42496K, 93% used [0x00000000c0000000,0x00000000c26d24a8,0x00000000c2980000)
 Metaspace       used 6564K, capacity 7256K, committed 7424K, reserved 1056768K
  class space    used 623K, capacity 656K, committed 768K, reserved 1048576K
Event: 20.528 GC heap after
Heap after GC invocations=10 (full 1):
 PSYoungGen      total 140288K, used 12771K [0x00000000eab00000, 0x00000000fa180000, 0x0000000100000000)
  eden space 119808K, 0% used [0x00000000eab00000,0x00000000eab00000,0x00000000f2000000)
  from space 20480K, 62% used [0x00000000f2000000,0x00000000f2c78ff8,0x00000000f3400000)
  to   space 30208K, 0% used [0x00000000f8400000,0x00000000f8400000,0x00000000fa180000)
 ParOldGen       total 81920K, used 42460K [0x00000000c0000000, 0x00000000c5000000, 0x00000000eab00000)
  object space 81920K, 51% used [0x00000000c0000000,0x00000000c2977238,0x00000000c5000000)
 Metaspace       used 6564K, capacity 7256K, committed 7424K, reserved 1056768K
  class space    used 623K, capacity 656K, committed 768K, reserved 1048576K
}
Event: 21.962 GC heap before
{Heap before GC invocations=11 (full 1):
 PSYoungGen      total 140288K, used 132579K [0x00000000eab00000, 0x00000000fa180000, 0x0000000100000000)
  eden space 119808K, 100% used [0x00000000eab00000,0x00000000f2000000,0x00000000f2000000)
  from space 20480K, 62% used [0x00000000f2000000,0x00000000f2c78ff8,0x00000000f3400000)
  to   space 30208K, 0% used [0x00000000f8400000,0x00000000f8400000,0x00000000fa180000)
 ParOldGen       total 81920K, used 42460K [0x00000000c0000000, 0x00000000c5000000, 0x00000000eab00000)
  object space 81920K, 51% used [0x00000000c0000000,0x00000000c2977238,0x00000000c5000000)
 Metaspace       used 6568K, capacity 7256K, committed 7424K, reserved 1056768K
  class space    used 623K, capacity 656K, committed 768K, reserved 1048576K
Event: 22.103 GC heap after
Heap after GC invocations=11 (full 1):
 PSYoungGen      total 169472K, used 27096K [0x00000000eab00000, 0x00000000f9e80000, 0x0000000100000000)
  eden space 142336K, 0% used [0x00000000eab00000,0x00000000eab00000,0x00000000f3600000)
  from space 27136K, 99% used [0x00000000f8400000,0x00000000f9e762f0,0x00000000f9e80000)
  to   space 34304K, 0% used [0x00000000f5b80000,0x00000000f5b80000,0x00000000f7d00000)
 ParOldGen       total 81920K, used 46820K [0x00000000c0000000, 0x00000000c5000000, 0x00000000eab00000)
  object space 81920K, 57% used [0x00000000c0000000,0x00000000c2db9238,0x00000000c5000000)
 Metaspace       used 6568K, capacity 7256K, committed 7424K, reserved 1056768K
  class space    used 623K, capacity 656K, committed 768K, reserved 1048576K
}

